{"/home/eduardo/Documents/Projects/ReactApps/ReactNinja/Applications/Github app/src/utils/pagination/index.js": {"path":"/home/eduardo/Documents/Projects/ReactApps/ReactNinja/Applications/Github app/src/utils/pagination/index.js","statementMap":{"0":{"start":{"line":2,"column":19},"end":{"line":11,"column":1}},"1":{"start":{"line":3,"column":2},"end":{"line":5,"column":3}},"2":{"start":{"line":4,"column":4},"end":{"line":4,"column":12}},"3":{"start":{"line":7,"column":2},"end":{"line":9,"column":3}},"4":{"start":{"line":8,"column":4},"end":{"line":8,"column":25}},"5":{"start":{"line":10,"column":2},"end":{"line":10,"column":23}},"6":{"start":{"line":14,"column":19},"end":{"line":71,"column":1}},"7":{"start":{"line":17,"column":2},"end":{"line":19,"column":3}},"8":{"start":{"line":18,"column":4},"end":{"line":18,"column":51}},"9":{"start":{"line":20,"column":2},"end":{"line":22,"column":3}},"10":{"start":{"line":21,"column":4},"end":{"line":21,"column":56}},"11":{"start":{"line":24,"column":2},"end":{"line":26,"column":3}},"12":{"start":{"line":25,"column":4},"end":{"line":25,"column":57}},"13":{"start":{"line":25,"column":51},"end":{"line":25,"column":56}},"14":{"start":{"line":28,"column":23},"end":{"line":28,"column":24}},"15":{"start":{"line":29,"column":14},"end":{"line":36,"column":3}},"16":{"start":{"line":33,"column":16},"end":{"line":33,"column":53}},"17":{"start":{"line":38,"column":2},"end":{"line":38,"column":77}},"18":{"start":{"line":38,"column":47},"end":{"line":38,"column":76}},"19":{"start":{"line":41,"column":18},"end":{"line":41,"column":26}},"20":{"start":{"line":42,"column":19},"end":{"line":42,"column":27}},"21":{"start":{"line":44,"column":2},"end":{"line":46,"column":3}},"22":{"start":{"line":45,"column":4},"end":{"line":45,"column":57}},"23":{"start":{"line":48,"column":2},"end":{"line":48,"column":22}},"24":{"start":{"line":49,"column":2},"end":{"line":49,"column":23}},"25":{"start":{"line":51,"column":2},"end":{"line":53,"column":3}},"26":{"start":{"line":52,"column":4},"end":{"line":52,"column":49}},"27":{"start":{"line":56,"column":24},"end":{"line":56,"column":47}},"28":{"start":{"line":57,"column":17},"end":{"line":57,"column":40}},"29":{"start":{"line":59,"column":2},"end":{"line":61,"column":3}},"30":{"start":{"line":60,"column":4},"end":{"line":60,"column":59}},"31":{"start":{"line":63,"column":2},"end":{"line":63,"column":43}},"32":{"start":{"line":64,"column":2},"end":{"line":64,"column":36}},"33":{"start":{"line":66,"column":2},"end":{"line":68,"column":3}},"34":{"start":{"line":67,"column":4},"end":{"line":67,"column":52}},"35":{"start":{"line":70,"column":2},"end":{"line":70,"column":14}}},"fnMap":{"0":{"name":"(anonymous_0)","decl":{"start":{"line":2,"column":19},"end":{"line":2,"column":20}},"loc":{"start":{"line":2,"column":46},"end":{"line":11,"column":1}},"line":2},"1":{"name":"(anonymous_1)","decl":{"start":{"line":14,"column":19},"end":{"line":14,"column":20}},"loc":{"start":{"line":14,"column":59},"end":{"line":71,"column":1}},"line":14},"2":{"name":"(anonymous_2)","decl":{"start":{"line":25,"column":41},"end":{"line":25,"column":42}},"loc":{"start":{"line":25,"column":51},"end":{"line":25,"column":56}},"line":25},"3":{"name":"(anonymous_3)","decl":{"start":{"line":33,"column":6},"end":{"line":33,"column":7}},"loc":{"start":{"line":33,"column":16},"end":{"line":33,"column":53}},"line":33},"4":{"name":"(anonymous_4)","decl":{"start":{"line":38,"column":23},"end":{"line":38,"column":24}},"loc":{"start":{"line":38,"column":47},"end":{"line":38,"column":76}},"line":38}},"branchMap":{"0":{"loc":{"start":{"line":3,"column":2},"end":{"line":5,"column":3}},"type":"if","locations":[{"start":{"line":3,"column":2},"end":{"line":5,"column":3}},{"start":{"line":3,"column":2},"end":{"line":5,"column":3}}],"line":3},"1":{"loc":{"start":{"line":7,"column":2},"end":{"line":9,"column":3}},"type":"if","locations":[{"start":{"line":7,"column":2},"end":{"line":9,"column":3}},{"start":{"line":7,"column":2},"end":{"line":9,"column":3}}],"line":7},"2":{"loc":{"start":{"line":14,"column":20},"end":{"line":14,"column":54}},"type":"default-arg","locations":[{"start":{"line":14,"column":52},"end":{"line":14,"column":54}}],"line":14},"3":{"loc":{"start":{"line":14,"column":22},"end":{"line":14,"column":31}},"type":"default-arg","locations":[{"start":{"line":14,"column":30},"end":{"line":14,"column":31}}],"line":14},"4":{"loc":{"start":{"line":14,"column":33},"end":{"line":14,"column":47}},"type":"default-arg","locations":[{"start":{"line":14,"column":46},"end":{"line":14,"column":47}}],"line":14},"5":{"loc":{"start":{"line":17,"column":2},"end":{"line":19,"column":3}},"type":"if","locations":[{"start":{"line":17,"column":2},"end":{"line":19,"column":3}},{"start":{"line":17,"column":2},"end":{"line":19,"column":3}}],"line":17},"6":{"loc":{"start":{"line":20,"column":2},"end":{"line":22,"column":3}},"type":"if","locations":[{"start":{"line":20,"column":2},"end":{"line":22,"column":3}},{"start":{"line":20,"column":2},"end":{"line":22,"column":3}}],"line":20},"7":{"loc":{"start":{"line":24,"column":2},"end":{"line":26,"column":3}},"type":"if","locations":[{"start":{"line":24,"column":2},"end":{"line":26,"column":3}},{"start":{"line":24,"column":2},"end":{"line":26,"column":3}}],"line":24},"8":{"loc":{"start":{"line":44,"column":2},"end":{"line":46,"column":3}},"type":"if","locations":[{"start":{"line":44,"column":2},"end":{"line":46,"column":3}},{"start":{"line":44,"column":2},"end":{"line":46,"column":3}}],"line":44},"9":{"loc":{"start":{"line":51,"column":2},"end":{"line":53,"column":3}},"type":"if","locations":[{"start":{"line":51,"column":2},"end":{"line":53,"column":3}},{"start":{"line":51,"column":2},"end":{"line":53,"column":3}}],"line":51},"10":{"loc":{"start":{"line":59,"column":2},"end":{"line":61,"column":3}},"type":"if","locations":[{"start":{"line":59,"column":2},"end":{"line":61,"column":3}},{"start":{"line":59,"column":2},"end":{"line":61,"column":3}}],"line":59},"11":{"loc":{"start":{"line":66,"column":2},"end":{"line":68,"column":3}},"type":"if","locations":[{"start":{"line":66,"column":2},"end":{"line":68,"column":3}},{"start":{"line":66,"column":2},"end":{"line":68,"column":3}}],"line":66}},"s":{"0":1,"1":48,"2":15,"3":33,"4":6,"5":27,"6":1,"7":23,"8":1,"9":22,"10":1,"11":21,"12":5,"13":10,"14":16,"15":16,"16":48,"17":16,"18":80,"19":16,"20":16,"21":16,"22":2,"23":16,"24":16,"25":16,"26":6,"27":16,"28":16,"29":16,"30":2,"31":16,"32":16,"33":16,"34":8,"35":16},"f":{"0":48,"1":23,"2":10,"3":48,"4":80},"b":{"0":[15,33],"1":[6,27],"2":[1],"3":[2],"4":[4],"5":[1,22],"6":[1,21],"7":[5,16],"8":[2,14],"9":[6,10],"10":[2,14],"11":[8,8]},"_coverageSchema":"332fd63041d2c1bcb487cc26dd0d5f7d97098a6c","hash":"3ce0bf84b05b465bba96d2343a7fd108a3118104"}
}
