TN:
SF:/home/eduardo/Documents/Projects/ReactApps/ReactNinja/Applications/Github app/src/utils/pagination/index.js
FN:2,(anonymous_0)
FN:14,(anonymous_1)
FN:25,(anonymous_2)
FN:33,(anonymous_3)
FN:38,(anonymous_4)
FNF:5
FNH:5
FNDA:48,(anonymous_0)
FNDA:23,(anonymous_1)
FNDA:10,(anonymous_2)
FNDA:48,(anonymous_3)
FNDA:80,(anonymous_4)
DA:2,1
DA:3,48
DA:4,15
DA:7,33
DA:8,6
DA:10,27
DA:14,1
DA:17,23
DA:18,1
DA:20,22
DA:21,1
DA:24,21
DA:25,10
DA:28,16
DA:29,16
DA:33,48
DA:38,80
DA:41,16
DA:42,16
DA:44,16
DA:45,2
DA:48,16
DA:49,16
DA:51,16
DA:52,6
DA:56,16
DA:57,16
DA:59,16
DA:60,2
DA:63,16
DA:64,16
DA:66,16
DA:67,8
DA:70,16
LF:34
LH:34
BRDA:3,0,0,15
BRDA:3,0,1,33
BRDA:7,1,0,6
BRDA:7,1,1,27
BRDA:14,2,0,1
BRDA:14,3,0,2
BRDA:14,4,0,4
BRDA:17,5,0,1
BRDA:17,5,1,22
BRDA:20,6,0,1
BRDA:20,6,1,21
BRDA:24,7,0,5
BRDA:24,7,1,16
BRDA:44,8,0,2
BRDA:44,8,1,14
BRDA:51,9,0,6
BRDA:51,9,1,10
BRDA:59,10,0,2
BRDA:59,10,1,14
BRDA:66,11,0,8
BRDA:66,11,1,8
BRF:21
BRH:21
end_of_record
