<?xml version="1.0" encoding="UTF-8"?>
<coverage generated="1591208838223" clover="3.2.0">
  <project timestamp="1591208838223" name="All files">
    <metrics statements="9" coveredstatements="9" conditionals="6" coveredconditionals="6" methods="3" coveredmethods="3" elements="18" coveredelements="18" complexity="0" loc="9" ncloc="9" packages="2" files="2" classes="2">
      <package name="find">
        <metrics statements="5" coveredstatements="5" conditionals="2" coveredconditionals="2" methods="1" coveredmethods="1"/>
        <file name="find.js" path="/home/eduardo/Documents/Projects/ReactApps/ReactNinja/Modulo_02/Jest/src/find/find.js">
          <metrics statements="5" coveredstatements="5" conditionals="2" coveredconditionals="2" methods="1" coveredmethods="1"/>
          <line num="3" count="1" type="stmt"/>
          <line num="4" count="3" type="stmt"/>
          <line num="5" count="7" type="cond" truecount="2" falsecount="0"/>
          <line num="6" count="2" type="stmt"/>
          <line num="10" count="1" type="stmt"/>
        </file>
      </package>
      <package name="find-recursive">
        <metrics statements="4" coveredstatements="4" conditionals="4" coveredconditionals="4" methods="2" coveredmethods="2"/>
        <file name="find-recursive.js" path="/home/eduardo/Documents/Projects/ReactApps/ReactNinja/Modulo_02/Jest/src/find-recursive/find-recursive.js">
          <metrics statements="4" coveredstatements="4" conditionals="4" coveredconditionals="4" methods="2" coveredmethods="2"/>
          <line num="3" count="1" type="stmt"/>
          <line num="4" count="3" type="stmt"/>
          <line num="5" count="8" type="stmt"/>
          <line num="6" count="8" type="cond" truecount="2" falsecount="0"/>
        </file>
      </package>
    </metrics>
  </project>
</coverage>
