{"/home/eduardo/Documents/Projects/ReactApps/ReactNinja/Modulo_02/Jest/src/find/find.js": {"path":"/home/eduardo/Documents/Projects/ReactApps/ReactNinja/Modulo_02/Jest/src/find/find.js","statementMap":{"0":{"start":{"line":3,"column":13},"end":{"line":11,"column":1}},"1":{"start":{"line":4,"column":4},"end":{"line":8,"column":5}},"2":{"start":{"line":5,"column":8},"end":{"line":7,"column":9}},"3":{"start":{"line":6,"column":12},"end":{"line":6,"column":25}},"4":{"start":{"line":10,"column":4},"end":{"line":10,"column":20}}},"fnMap":{"0":{"name":"(anonymous_0)","decl":{"start":{"line":3,"column":13},"end":{"line":3,"column":14}},"loc":{"start":{"line":3,"column":26},"end":{"line":11,"column":1}},"line":3}},"branchMap":{"0":{"loc":{"start":{"line":5,"column":8},"end":{"line":7,"column":9}},"type":"if","locations":[{"start":{"line":5,"column":8},"end":{"line":7,"column":9}},{"start":{"line":5,"column":8},"end":{"line":7,"column":9}}],"line":5}},"s":{"0":1,"1":3,"2":7,"3":2,"4":1},"f":{"0":3},"b":{"0":[2,5]},"_coverageSchema":"332fd63041d2c1bcb487cc26dd0d5f7d97098a6c","hash":"67b85d0680c5320b3df88066456e96fc80b7a4f4"}
,"/home/eduardo/Documents/Projects/ReactApps/ReactNinja/Modulo_02/Jest/src/find-recursive/find-recursive.js": {"path":"/home/eduardo/Documents/Projects/ReactApps/ReactNinja/Modulo_02/Jest/src/find-recursive/find-recursive.js","statementMap":{"0":{"start":{"line":3,"column":13},"end":{"line":12,"column":1}},"1":{"start":{"line":4,"column":2},"end":{"line":11,"column":10}},"2":{"start":{"line":5,"column":28},"end":{"line":5,"column":39}},"3":{"start":{"line":6,"column":4},"end":{"line":10,"column":27}}},"fnMap":{"0":{"name":"(anonymous_0)","decl":{"start":{"line":3,"column":13},"end":{"line":3,"column":14}},"loc":{"start":{"line":3,"column":28},"end":{"line":12,"column":1}},"line":3},"1":{"name":"internalFind","decl":{"start":{"line":4,"column":19},"end":{"line":4,"column":31}},"loc":{"start":{"line":4,"column":45},"end":{"line":11,"column":3}},"line":4}},"branchMap":{"0":{"loc":{"start":{"line":6,"column":11},"end":{"line":10,"column":26}},"type":"cond-expr","locations":[{"start":{"line":7,"column":8},"end":{"line":7,"column":17}},{"start":{"line":8,"column":8},"end":{"line":10,"column":26}}],"line":6},"1":{"loc":{"start":{"line":8,"column":8},"end":{"line":10,"column":26}},"type":"cond-expr","locations":[{"start":{"line":9,"column":8},"end":{"line":9,"column":12}},{"start":{"line":10,"column":8},"end":{"line":10,"column":26}}],"line":8}},"s":{"0":1,"1":3,"2":8,"3":8},"f":{"0":3,"1":8},"b":{"0":[1,7],"1":[2,5]},"_coverageSchema":"332fd63041d2c1bcb487cc26dd0d5f7d97098a6c","hash":"3ae21e3f8b25abc642bb29b134fc9c70aff1b51b"}
}
