<?xml version="1.0" encoding="UTF-8"?>
<coverage generated="1591132170772" clover="3.2.0">
  <project timestamp="1591132170772" name="All files">
    <metrics statements="68" coveredstatements="66" conditionals="32" coveredconditionals="24" methods="18" coveredmethods="17" elements="118" coveredelements="107" complexity="0" loc="68" ncloc="68" packages="12" files="12" classes="12">
      <package name="every">
        <metrics statements="6" coveredstatements="6" conditionals="4" coveredconditionals="2" methods="1" coveredmethods="1"/>
        <file name="every.js" path="/home/eduardo/Documents/Projects/ReactApps/ReactNinja/Modulo_02/Jest/src/every/every.js">
          <metrics statements="6" coveredstatements="6" conditionals="4" coveredconditionals="2" methods="1" coveredmethods="1"/>
          <line num="3" count="1" type="stmt"/>
          <line num="4" count="4" type="stmt"/>
          <line num="5" count="4" type="stmt"/>
          <line num="6" count="13" type="cond" truecount="1" falsecount="1"/>
          <line num="7" count="13" type="stmt"/>
          <line num="10" count="4" type="cond" truecount="1" falsecount="1"/>
        </file>
      </package>
      <package name="every-recursive">
        <metrics statements="7" coveredstatements="6" conditionals="4" coveredconditionals="3" methods="1" coveredmethods="1"/>
        <file name="every-recursive.js" path="/home/eduardo/Documents/Projects/ReactApps/ReactNinja/Modulo_02/Jest/src/every-recursive/every-recursive.js">
          <metrics statements="7" coveredstatements="6" conditionals="4" coveredconditionals="3" methods="1" coveredmethods="1"/>
          <line num="4" count="1" type="stmt"/>
          <line num="5" count="8" type="cond" truecount="2" falsecount="0"/>
          <line num="6" count="5" type="stmt"/>
          <line num="7" count="5" type="cond" truecount="1" falsecount="1"/>
          <line num="8" count="0" type="stmt"/>
          <line num="10" count="5" type="stmt"/>
          <line num="11" count="5" type="stmt"/>
        </file>
      </package>
      <package name="filter">
        <metrics statements="6" coveredstatements="6" conditionals="2" coveredconditionals="2" methods="1" coveredmethods="1"/>
        <file name="filter.js" path="/home/eduardo/Documents/Projects/ReactApps/ReactNinja/Modulo_02/Jest/src/filter/filter.js">
          <metrics statements="6" coveredstatements="6" conditionals="2" coveredconditionals="2" methods="1" coveredmethods="1"/>
          <line num="3" count="1" type="stmt"/>
          <line num="4" count="5" type="stmt"/>
          <line num="5" count="5" type="stmt"/>
          <line num="6" count="15" type="cond" truecount="2" falsecount="0"/>
          <line num="7" count="11" type="stmt"/>
          <line num="10" count="5" type="stmt"/>
        </file>
      </package>
      <package name="filter-recursive">
        <metrics statements="10" coveredstatements="10" conditionals="4" coveredconditionals="4" methods="2" coveredmethods="2"/>
        <file name="filter-recursive.js" path="/home/eduardo/Documents/Projects/ReactApps/ReactNinja/Modulo_02/Jest/src/filter-recursive/filter-recursive.js">
          <metrics statements="10" coveredstatements="10" conditionals="4" coveredconditionals="4" methods="2" coveredmethods="2"/>
          <line num="3" count="1" type="stmt"/>
          <line num="4" count="4" type="stmt"/>
          <line num="6" count="4" type="stmt"/>
          <line num="7" count="16" type="stmt"/>
          <line num="9" count="16" type="cond" truecount="2" falsecount="0"/>
          <line num="10" count="12" type="stmt"/>
          <line num="11" count="12" type="cond" truecount="2" falsecount="0"/>
          <line num="12" count="11" type="stmt"/>
          <line num="13" count="1" type="stmt"/>
          <line num="15" count="4" type="stmt"/>
        </file>
      </package>
      <package name="map">
        <metrics statements="5" coveredstatements="5" conditionals="0" coveredconditionals="0" methods="1" coveredmethods="1"/>
        <file name="map.js" path="/home/eduardo/Documents/Projects/ReactApps/ReactNinja/Modulo_02/Jest/src/map/map.js">
          <metrics statements="5" coveredstatements="5" conditionals="0" coveredconditionals="0" methods="1" coveredmethods="1"/>
          <line num="3" count="1" type="stmt"/>
          <line num="4" count="3" type="stmt"/>
          <line num="5" count="3" type="stmt"/>
          <line num="6" count="9" type="stmt"/>
          <line num="9" count="3" type="stmt"/>
        </file>
      </package>
      <package name="map-recursive">
        <metrics statements="3" coveredstatements="3" conditionals="4" coveredconditionals="2" methods="3" coveredmethods="2"/>
        <file name="map-recursive.js" path="/home/eduardo/Documents/Projects/ReactApps/ReactNinja/Modulo_02/Jest/src/map-recursive/map-recursive.js">
          <metrics statements="3" coveredstatements="3" conditionals="4" coveredconditionals="2" methods="3" coveredmethods="2"/>
          <line num="3" count="1" type="cond" truecount="0" falsecount="2"/>
          <line num="4" count="3" type="stmt"/>
          <line num="5" count="9" type="cond" truecount="2" falsecount="0"/>
        </file>
      </package>
      <package name="reduce">
        <metrics statements="5" coveredstatements="5" conditionals="2" coveredconditionals="2" methods="1" coveredmethods="1"/>
        <file name="reduce.js" path="/home/eduardo/Documents/Projects/ReactApps/ReactNinja/Modulo_02/Jest/src/reduce/reduce.js">
          <metrics statements="5" coveredstatements="5" conditionals="2" coveredconditionals="2" methods="1" coveredmethods="1"/>
          <line num="3" count="1" type="stmt"/>
          <line num="4" count="2" type="cond" truecount="2" falsecount="0"/>
          <line num="6" count="2" type="stmt"/>
          <line num="7" count="6" type="stmt"/>
          <line num="9" count="2" type="stmt"/>
        </file>
      </package>
      <package name="reduce-recursive">
        <metrics statements="8" coveredstatements="8" conditionals="4" coveredconditionals="4" methods="2" coveredmethods="2"/>
        <file name="reduce-recursive.js" path="/home/eduardo/Documents/Projects/ReactApps/ReactNinja/Modulo_02/Jest/src/reduce-recursive/reduce-recursive.js">
          <metrics statements="8" coveredstatements="8" conditionals="4" coveredconditionals="4" methods="2" coveredmethods="2"/>
          <line num="12" count="1" type="stmt"/>
          <line num="13" count="2" type="cond" truecount="2" falsecount="0"/>
          <line num="14" count="2" type="stmt"/>
          <line num="15" count="8" type="cond" truecount="2" falsecount="0"/>
          <line num="16" count="2" type="stmt"/>
          <line num="18" count="6" type="stmt"/>
          <line num="19" count="6" type="stmt"/>
          <line num="20" count="6" type="stmt"/>
        </file>
      </package>
      <package name="reverse">
        <metrics statements="5" coveredstatements="5" conditionals="0" coveredconditionals="0" methods="1" coveredmethods="1"/>
        <file name="reverse.js" path="/home/eduardo/Documents/Projects/ReactApps/ReactNinja/Modulo_02/Jest/src/reverse/reverse.js">
          <metrics statements="5" coveredstatements="5" conditionals="0" coveredconditionals="0" methods="1" coveredmethods="1"/>
          <line num="1" count="1" type="stmt"/>
          <line num="2" count="2" type="stmt"/>
          <line num="3" count="2" type="stmt"/>
          <line num="4" count="8" type="stmt"/>
          <line num="6" count="2" type="stmt"/>
        </file>
      </package>
      <package name="reverse-recursive">
        <metrics statements="4" coveredstatements="4" conditionals="2" coveredconditionals="2" methods="2" coveredmethods="2"/>
        <file name="reverse-recursive.js" path="/home/eduardo/Documents/Projects/ReactApps/ReactNinja/Modulo_02/Jest/src/reverse-recursive/reverse-recursive.js">
          <metrics statements="4" coveredstatements="4" conditionals="2" coveredconditionals="2" methods="2" coveredmethods="2"/>
          <line num="1" count="1" type="stmt"/>
          <line num="2" count="2" type="stmt"/>
          <line num="3" count="2" type="stmt"/>
          <line num="4" count="6" type="cond" truecount="2" falsecount="0"/>
        </file>
      </package>
      <package name="some">
        <metrics statements="5" coveredstatements="4" conditionals="2" coveredconditionals="1" methods="1" coveredmethods="1"/>
        <file name="some.js" path="/home/eduardo/Documents/Projects/ReactApps/ReactNinja/Modulo_02/Jest/src/some/some.js">
          <metrics statements="5" coveredstatements="4" conditionals="2" coveredconditionals="1" methods="1" coveredmethods="1"/>
          <line num="3" count="1" type="stmt"/>
          <line num="4" count="3" type="stmt"/>
          <line num="5" count="3" type="cond" truecount="1" falsecount="1"/>
          <line num="6" count="3" type="stmt"/>
          <line num="9" count="0" type="stmt"/>
        </file>
      </package>
      <package name="some-recursive">
        <metrics statements="4" coveredstatements="4" conditionals="4" coveredconditionals="2" methods="2" coveredmethods="2"/>
        <file name="some-recursive.js" path="/home/eduardo/Documents/Projects/ReactApps/ReactNinja/Modulo_02/Jest/src/some-recursive/some-recursive.js">
          <metrics statements="4" coveredstatements="4" conditionals="4" coveredconditionals="2" methods="2" coveredmethods="2"/>
          <line num="3" count="1" type="stmt"/>
          <line num="4" count="3" type="stmt"/>
          <line num="5" count="3" type="stmt"/>
          <line num="6" count="3" type="cond" truecount="2" falsecount="2"/>
        </file>
      </package>
    </metrics>
  </project>
</coverage>
