<?xml version="1.0" encoding="UTF-8"?>
<coverage generated="1590793974378" clover="3.2.0">
  <project timestamp="1590793974378" name="All files">
    <metrics statements="46" coveredstatements="44" conditionals="24" coveredconditionals="16" methods="12" coveredmethods="11" elements="82" coveredelements="71" complexity="0" loc="46" ncloc="46" packages="8" files="8" classes="8">
      <package name="every">
        <metrics statements="6" coveredstatements="6" conditionals="4" coveredconditionals="2" methods="1" coveredmethods="1"/>
        <file name="every.js" path="/home/eduardo/Documents/Projects/ReactApps/ReactNinja/Modulo_02/Jest/src/every/every.js">
          <metrics statements="6" coveredstatements="6" conditionals="4" coveredconditionals="2" methods="1" coveredmethods="1"/>
          <line num="3" count="1" type="stmt"/>
          <line num="4" count="4" type="stmt"/>
          <line num="5" count="4" type="stmt"/>
          <line num="6" count="13" type="cond" truecount="1" falsecount="1"/>
          <line num="7" count="13" type="stmt"/>
          <line num="10" count="4" type="cond" truecount="1" falsecount="1"/>
        </file>
      </package>
      <package name="every-recursive">
        <metrics statements="7" coveredstatements="6" conditionals="4" coveredconditionals="3" methods="1" coveredmethods="1"/>
        <file name="every-recursive.js" path="/home/eduardo/Documents/Projects/ReactApps/ReactNinja/Modulo_02/Jest/src/every-recursive/every-recursive.js">
          <metrics statements="7" coveredstatements="6" conditionals="4" coveredconditionals="3" methods="1" coveredmethods="1"/>
          <line num="4" count="1" type="stmt"/>
          <line num="5" count="8" type="cond" truecount="2" falsecount="0"/>
          <line num="6" count="5" type="stmt"/>
          <line num="7" count="5" type="cond" truecount="1" falsecount="1"/>
          <line num="8" count="0" type="stmt"/>
          <line num="10" count="5" type="stmt"/>
          <line num="11" count="5" type="stmt"/>
        </file>
      </package>
      <package name="filter">
        <metrics statements="6" coveredstatements="6" conditionals="2" coveredconditionals="2" methods="1" coveredmethods="1"/>
        <file name="filter.js" path="/home/eduardo/Documents/Projects/ReactApps/ReactNinja/Modulo_02/Jest/src/filter/filter.js">
          <metrics statements="6" coveredstatements="6" conditionals="2" coveredconditionals="2" methods="1" coveredmethods="1"/>
          <line num="3" count="1" type="stmt"/>
          <line num="4" count="5" type="stmt"/>
          <line num="5" count="5" type="stmt"/>
          <line num="6" count="15" type="cond" truecount="2" falsecount="0"/>
          <line num="7" count="11" type="stmt"/>
          <line num="10" count="5" type="stmt"/>
        </file>
      </package>
      <package name="filter-recursive">
        <metrics statements="10" coveredstatements="10" conditionals="4" coveredconditionals="4" methods="2" coveredmethods="2"/>
        <file name="filter-recursive.js" path="/home/eduardo/Documents/Projects/ReactApps/ReactNinja/Modulo_02/Jest/src/filter-recursive/filter-recursive.js">
          <metrics statements="10" coveredstatements="10" conditionals="4" coveredconditionals="4" methods="2" coveredmethods="2"/>
          <line num="3" count="1" type="stmt"/>
          <line num="4" count="4" type="stmt"/>
          <line num="6" count="4" type="stmt"/>
          <line num="7" count="16" type="stmt"/>
          <line num="9" count="16" type="cond" truecount="2" falsecount="0"/>
          <line num="10" count="12" type="stmt"/>
          <line num="11" count="12" type="cond" truecount="2" falsecount="0"/>
          <line num="12" count="11" type="stmt"/>
          <line num="13" count="1" type="stmt"/>
          <line num="15" count="4" type="stmt"/>
        </file>
      </package>
      <package name="map">
        <metrics statements="5" coveredstatements="5" conditionals="0" coveredconditionals="0" methods="1" coveredmethods="1"/>
        <file name="map.js" path="/home/eduardo/Documents/Projects/ReactApps/ReactNinja/Modulo_02/Jest/src/map/map.js">
          <metrics statements="5" coveredstatements="5" conditionals="0" coveredconditionals="0" methods="1" coveredmethods="1"/>
          <line num="3" count="1" type="stmt"/>
          <line num="4" count="3" type="stmt"/>
          <line num="5" count="3" type="stmt"/>
          <line num="6" count="9" type="stmt"/>
          <line num="9" count="3" type="stmt"/>
        </file>
      </package>
      <package name="map-recursive">
        <metrics statements="3" coveredstatements="3" conditionals="4" coveredconditionals="2" methods="3" coveredmethods="2"/>
        <file name="map-recursive.js" path="/home/eduardo/Documents/Projects/ReactApps/ReactNinja/Modulo_02/Jest/src/map-recursive/map-recursive.js">
          <metrics statements="3" coveredstatements="3" conditionals="4" coveredconditionals="2" methods="3" coveredmethods="2"/>
          <line num="3" count="1" type="cond" truecount="0" falsecount="2"/>
          <line num="4" count="3" type="stmt"/>
          <line num="5" count="9" type="cond" truecount="2" falsecount="0"/>
        </file>
      </package>
      <package name="some">
        <metrics statements="5" coveredstatements="4" conditionals="2" coveredconditionals="1" methods="1" coveredmethods="1"/>
        <file name="some.js" path="/home/eduardo/Documents/Projects/ReactApps/ReactNinja/Modulo_02/Jest/src/some/some.js">
          <metrics statements="5" coveredstatements="4" conditionals="2" coveredconditionals="1" methods="1" coveredmethods="1"/>
          <line num="3" count="1" type="stmt"/>
          <line num="4" count="3" type="stmt"/>
          <line num="5" count="3" type="cond" truecount="1" falsecount="1"/>
          <line num="6" count="3" type="stmt"/>
          <line num="9" count="0" type="stmt"/>
        </file>
      </package>
      <package name="some-recursive">
        <metrics statements="4" coveredstatements="4" conditionals="4" coveredconditionals="2" methods="2" coveredmethods="2"/>
        <file name="some-recursive.js" path="/home/eduardo/Documents/Projects/ReactApps/ReactNinja/Modulo_02/Jest/src/some-recursive/some-recursive.js">
          <metrics statements="4" coveredstatements="4" conditionals="4" coveredconditionals="2" methods="2" coveredmethods="2"/>
          <line num="3" count="1" type="stmt"/>
          <line num="4" count="3" type="stmt"/>
          <line num="5" count="3" type="stmt"/>
          <line num="6" count="3" type="cond" truecount="2" falsecount="2"/>
        </file>
      </package>
    </metrics>
  </project>
</coverage>
