{"/home/eduardo/Documents/Projects/ReactApps/ReactNinja/Modulo_02/Jest/src/every/every.js": {"path":"/home/eduardo/Documents/Projects/ReactApps/ReactNinja/Modulo_02/Jest/src/every/every.js","statementMap":{"0":{"start":{"line":3,"column":14},"end":{"line":11,"column":1}},"1":{"start":{"line":4,"column":20},"end":{"line":4,"column":22}},"2":{"start":{"line":5,"column":2},"end":{"line":9,"column":3}},"3":{"start":{"line":6,"column":4},"end":{"line":8,"column":5}},"4":{"start":{"line":7,"column":6},"end":{"line":7,"column":24}},"5":{"start":{"line":10,"column":2},"end":{"line":10,"column":53}}},"fnMap":{"0":{"name":"(anonymous_0)","decl":{"start":{"line":3,"column":14},"end":{"line":3,"column":15}},"loc":{"start":{"line":3,"column":29},"end":{"line":11,"column":1}},"line":3}},"branchMap":{"0":{"loc":{"start":{"line":6,"column":4},"end":{"line":8,"column":5}},"type":"if","locations":[{"start":{"line":6,"column":4},"end":{"line":8,"column":5}},{"start":{"line":6,"column":4},"end":{"line":8,"column":5}}],"line":6},"1":{"loc":{"start":{"line":10,"column":9},"end":{"line":10,"column":53}},"type":"cond-expr","locations":[{"start":{"line":10,"column":41},"end":{"line":10,"column":45}},{"start":{"line":10,"column":48},"end":{"line":10,"column":53}}],"line":10}},"s":{"0":1,"1":4,"2":4,"3":13,"4":13,"5":4},"f":{"0":4},"b":{"0":[13,0],"1":[4,0]},"_coverageSchema":"332fd63041d2c1bcb487cc26dd0d5f7d97098a6c","hash":"3d59641fe67879cfdc499c0c756a077cc25c71f3"}
,"/home/eduardo/Documents/Projects/ReactApps/ReactNinja/Modulo_02/Jest/src/every-recursive/every-recursive.js": {"path":"/home/eduardo/Documents/Projects/ReactApps/ReactNinja/Modulo_02/Jest/src/every-recursive/every-recursive.js","statementMap":{"0":{"start":{"line":4,"column":23},"end":{"line":12,"column":1}},"1":{"start":{"line":5,"column":4},"end":{"line":5,"column":32}},"2":{"start":{"line":5,"column":23},"end":{"line":5,"column":32}},"3":{"start":{"line":6,"column":27},"end":{"line":6,"column":30}},"4":{"start":{"line":7,"column":4},"end":{"line":9,"column":5}},"5":{"start":{"line":8,"column":8},"end":{"line":8,"column":20}},"6":{"start":{"line":10,"column":4},"end":{"line":10,"column":29}},"7":{"start":{"line":11,"column":4},"end":{"line":11,"column":15}}},"fnMap":{"0":{"name":"(anonymous_0)","decl":{"start":{"line":4,"column":23},"end":{"line":4,"column":24}},"loc":{"start":{"line":4,"column":38},"end":{"line":12,"column":1}},"line":4}},"branchMap":{"0":{"loc":{"start":{"line":5,"column":4},"end":{"line":5,"column":32}},"type":"if","locations":[{"start":{"line":5,"column":4},"end":{"line":5,"column":32}},{"start":{"line":5,"column":4},"end":{"line":5,"column":32}}],"line":5},"1":{"loc":{"start":{"line":7,"column":4},"end":{"line":9,"column":5}},"type":"if","locations":[{"start":{"line":7,"column":4},"end":{"line":9,"column":5}},{"start":{"line":7,"column":4},"end":{"line":9,"column":5}}],"line":7}},"s":{"0":1,"1":8,"2":3,"3":5,"4":5,"5":0,"6":5,"7":5},"f":{"0":8},"b":{"0":[3,5],"1":[0,5]},"_coverageSchema":"332fd63041d2c1bcb487cc26dd0d5f7d97098a6c","hash":"2d6ebc18aec1574691d97fe88af14690440e3b67"}
,"/home/eduardo/Documents/Projects/ReactApps/ReactNinja/Modulo_02/Jest/src/filter/filter.js": {"path":"/home/eduardo/Documents/Projects/ReactApps/ReactNinja/Modulo_02/Jest/src/filter/filter.js","statementMap":{"0":{"start":{"line":3,"column":15},"end":{"line":11,"column":1}},"1":{"start":{"line":4,"column":17},"end":{"line":4,"column":19}},"2":{"start":{"line":5,"column":2},"end":{"line":9,"column":3}},"3":{"start":{"line":6,"column":4},"end":{"line":8,"column":5}},"4":{"start":{"line":7,"column":6},"end":{"line":7,"column":28}},"5":{"start":{"line":10,"column":2},"end":{"line":10,"column":18}}},"fnMap":{"0":{"name":"(anonymous_0)","decl":{"start":{"line":3,"column":15},"end":{"line":3,"column":16}},"loc":{"start":{"line":3,"column":30},"end":{"line":11,"column":1}},"line":3}},"branchMap":{"0":{"loc":{"start":{"line":6,"column":4},"end":{"line":8,"column":5}},"type":"if","locations":[{"start":{"line":6,"column":4},"end":{"line":8,"column":5}},{"start":{"line":6,"column":4},"end":{"line":8,"column":5}}],"line":6}},"s":{"0":1,"1":5,"2":5,"3":15,"4":11,"5":5},"f":{"0":5},"b":{"0":[11,4]},"_coverageSchema":"332fd63041d2c1bcb487cc26dd0d5f7d97098a6c","hash":"7dd95bbdce4a71f35ed60ca2a14d5ab7f2c7c76c"}
,"/home/eduardo/Documents/Projects/ReactApps/ReactNinja/Modulo_02/Jest/src/filter-recursive/filter-recursive.js": {"path":"/home/eduardo/Documents/Projects/ReactApps/ReactNinja/Modulo_02/Jest/src/filter-recursive/filter-recursive.js","statementMap":{"0":{"start":{"line":3,"column":15},"end":{"line":16,"column":1}},"1":{"start":{"line":4,"column":10},"end":{"line":4,"column":11}},"2":{"start":{"line":6,"column":25},"end":{"line":14,"column":3}},"3":{"start":{"line":7,"column":4},"end":{"line":7,"column":24}},"4":{"start":{"line":9,"column":4},"end":{"line":9,"column":44}},"5":{"start":{"line":9,"column":34},"end":{"line":9,"column":44}},"6":{"start":{"line":10,"column":28},"end":{"line":10,"column":39}},"7":{"start":{"line":11,"column":4},"end":{"line":13,"column":45}},"8":{"start":{"line":12,"column":6},"end":{"line":12,"column":55}},"9":{"start":{"line":13,"column":11},"end":{"line":13,"column":45}},"10":{"start":{"line":15,"column":2},"end":{"line":15,"column":32}}},"fnMap":{"0":{"name":"(anonymous_0)","decl":{"start":{"line":3,"column":15},"end":{"line":3,"column":16}},"loc":{"start":{"line":3,"column":30},"end":{"line":16,"column":1}},"line":3},"1":{"name":"(anonymous_1)","decl":{"start":{"line":6,"column":25},"end":{"line":6,"column":26}},"loc":{"start":{"line":6,"column":57},"end":{"line":14,"column":3}},"line":6}},"branchMap":{"0":{"loc":{"start":{"line":9,"column":4},"end":{"line":9,"column":44}},"type":"if","locations":[{"start":{"line":9,"column":4},"end":{"line":9,"column":44}},{"start":{"line":9,"column":4},"end":{"line":9,"column":44}}],"line":9},"1":{"loc":{"start":{"line":11,"column":4},"end":{"line":13,"column":45}},"type":"if","locations":[{"start":{"line":11,"column":4},"end":{"line":13,"column":45}},{"start":{"line":11,"column":4},"end":{"line":13,"column":45}}],"line":11}},"s":{"0":1,"1":4,"2":4,"3":16,"4":16,"5":4,"6":12,"7":12,"8":11,"9":1,"10":4},"f":{"0":4,"1":16},"b":{"0":[4,12],"1":[11,1]},"_coverageSchema":"332fd63041d2c1bcb487cc26dd0d5f7d97098a6c","hash":"d1ca00ce5fb00ea9a4d5bdcfa8123aba02b4016a"}
,"/home/eduardo/Documents/Projects/ReactApps/ReactNinja/Modulo_02/Jest/src/map/map.js": {"path":"/home/eduardo/Documents/Projects/ReactApps/ReactNinja/Modulo_02/Jest/src/map/map.js","statementMap":{"0":{"start":{"line":3,"column":12},"end":{"line":10,"column":1}},"1":{"start":{"line":4,"column":17},"end":{"line":4,"column":19}},"2":{"start":{"line":5,"column":2},"end":{"line":7,"column":3}},"3":{"start":{"line":6,"column":4},"end":{"line":6,"column":40}},"4":{"start":{"line":9,"column":2},"end":{"line":9,"column":18}}},"fnMap":{"0":{"name":"(anonymous_0)","decl":{"start":{"line":3,"column":12},"end":{"line":3,"column":13}},"loc":{"start":{"line":3,"column":26},"end":{"line":10,"column":1}},"line":3}},"branchMap":{},"s":{"0":1,"1":3,"2":3,"3":9,"4":3},"f":{"0":3},"b":{},"_coverageSchema":"332fd63041d2c1bcb487cc26dd0d5f7d97098a6c","hash":"fbfb2e81e5c02faa64c5ef5e5212d9ef4013379c"}
,"/home/eduardo/Documents/Projects/ReactApps/ReactNinja/Modulo_02/Jest/src/map-recursive/map-recursive.js": {"path":"/home/eduardo/Documents/Projects/ReactApps/ReactNinja/Modulo_02/Jest/src/map-recursive/map-recursive.js","statementMap":{"0":{"start":{"line":3,"column":10},"end":{"line":12,"column":1}},"1":{"start":{"line":3,"column":45},"end":{"line":3,"column":50}},"2":{"start":{"line":4,"column":2},"end":{"line":11,"column":13}},"3":{"start":{"line":5,"column":4},"end":{"line":10,"column":10}}},"fnMap":{"0":{"name":"(anonymous_0)","decl":{"start":{"line":3,"column":10},"end":{"line":3,"column":11}},"loc":{"start":{"line":3,"column":55},"end":{"line":12,"column":1}},"line":3},"1":{"name":"(anonymous_1)","decl":{"start":{"line":3,"column":28},"end":{"line":3,"column":29}},"loc":{"start":{"line":3,"column":45},"end":{"line":3,"column":50}},"line":3},"2":{"name":"mapInternal","decl":{"start":{"line":4,"column":19},"end":{"line":4,"column":30}},"loc":{"start":{"line":4,"column":50},"end":{"line":11,"column":3}},"line":4}},"branchMap":{"0":{"loc":{"start":{"line":3,"column":11},"end":{"line":3,"column":19}},"type":"default-arg","locations":[{"start":{"line":3,"column":17},"end":{"line":3,"column":19}}],"line":3},"1":{"loc":{"start":{"line":3,"column":21},"end":{"line":3,"column":50}},"type":"default-arg","locations":[{"start":{"line":3,"column":28},"end":{"line":3,"column":50}}],"line":3},"2":{"loc":{"start":{"line":5,"column":11},"end":{"line":10,"column":9}},"type":"cond-expr","locations":[{"start":{"line":6,"column":8},"end":{"line":6,"column":10}},{"start":{"line":7,"column":8},"end":{"line":10,"column":9}}],"line":5}},"s":{"0":1,"1":0,"2":3,"3":9},"f":{"0":3,"1":0,"2":9},"b":{"0":[0],"1":[0],"2":[3,6]},"_coverageSchema":"332fd63041d2c1bcb487cc26dd0d5f7d97098a6c","hash":"caaa8818c8db0ca741de28103afc7ce36977a431"}
}
