TN:
SF:/home/eduardo/Documents/Projects/ReactApps/ReactNinja/Modulo_02/Jest/src/every/every.js
FN:3,(anonymous_0)
FNF:1
FNH:1
FNDA:4,(anonymous_0)
DA:3,1
DA:4,4
DA:5,4
DA:6,13
DA:7,13
DA:10,4
LF:6
LH:6
BRDA:6,0,0,13
BRDA:6,0,1,0
BRDA:10,1,0,4
BRDA:10,1,1,0
BRF:4
BRH:2
end_of_record
TN:
SF:/home/eduardo/Documents/Projects/ReactApps/ReactNinja/Modulo_02/Jest/src/every-recursive/every-recursive.js
FN:4,(anonymous_0)
FNF:1
FNH:1
FNDA:8,(anonymous_0)
DA:4,1
DA:5,8
DA:6,5
DA:7,5
DA:8,0
DA:10,5
DA:11,5
LF:7
LH:6
BRDA:5,0,0,3
BRDA:5,0,1,5
BRDA:7,1,0,0
BRDA:7,1,1,5
BRF:4
BRH:3
end_of_record
TN:
SF:/home/eduardo/Documents/Projects/ReactApps/ReactNinja/Modulo_02/Jest/src/filter/filter.js
FN:3,(anonymous_0)
FNF:1
FNH:1
FNDA:5,(anonymous_0)
DA:3,1
DA:4,5
DA:5,5
DA:6,15
DA:7,11
DA:10,5
LF:6
LH:6
BRDA:6,0,0,11
BRDA:6,0,1,4
BRF:2
BRH:2
end_of_record
TN:
SF:/home/eduardo/Documents/Projects/ReactApps/ReactNinja/Modulo_02/Jest/src/filter-recursive/filter-recursive.js
FN:3,(anonymous_0)
FN:6,(anonymous_1)
FNF:2
FNH:2
FNDA:4,(anonymous_0)
FNDA:16,(anonymous_1)
DA:3,1
DA:4,4
DA:6,4
DA:7,16
DA:9,16
DA:10,12
DA:11,12
DA:12,11
DA:13,1
DA:15,4
LF:10
LH:10
BRDA:9,0,0,4
BRDA:9,0,1,12
BRDA:11,1,0,11
BRDA:11,1,1,1
BRF:4
BRH:4
end_of_record
TN:
SF:/home/eduardo/Documents/Projects/ReactApps/ReactNinja/Modulo_02/Jest/src/map/map.js
FN:3,(anonymous_0)
FNF:1
FNH:1
FNDA:3,(anonymous_0)
DA:3,1
DA:4,3
DA:5,3
DA:6,9
DA:9,3
LF:5
LH:5
BRF:0
BRH:0
end_of_record
TN:
SF:/home/eduardo/Documents/Projects/ReactApps/ReactNinja/Modulo_02/Jest/src/map-recursive/map-recursive.js
FN:3,(anonymous_0)
FN:3,(anonymous_1)
FN:4,mapInternal
FNF:3
FNH:2
FNDA:3,(anonymous_0)
FNDA:0,(anonymous_1)
FNDA:9,mapInternal
DA:3,1
DA:4,3
DA:5,9
LF:3
LH:3
BRDA:3,0,0,0
BRDA:3,1,0,0
BRDA:5,2,0,3
BRDA:5,2,1,6
BRF:4
BRH:2
end_of_record
TN:
SF:/home/eduardo/Documents/Projects/ReactApps/ReactNinja/Modulo_02/Jest/src/reduce/reduce.js
FN:3,(anonymous_0)
FNF:1
FNH:1
FNDA:2,(anonymous_0)
DA:3,1
DA:4,2
DA:6,2
DA:7,6
DA:9,2
LF:5
LH:5
BRDA:4,0,0,1
BRDA:4,0,1,1
BRF:2
BRH:2
end_of_record
TN:
SF:/home/eduardo/Documents/Projects/ReactApps/ReactNinja/Modulo_02/Jest/src/reduce-recursive/reduce-recursive.js
FN:12,(anonymous_0)
FN:14,internalReduce
FNF:2
FNH:2
FNDA:2,(anonymous_0)
FNDA:8,internalReduce
DA:12,1
DA:13,2
DA:14,2
DA:15,8
DA:16,2
DA:18,6
DA:19,6
DA:20,6
LF:8
LH:8
BRDA:13,0,0,1
BRDA:13,0,1,1
BRDA:15,1,0,2
BRDA:15,1,1,6
BRF:4
BRH:4
end_of_record
TN:
SF:/home/eduardo/Documents/Projects/ReactApps/ReactNinja/Modulo_02/Jest/src/reverse/reverse.js
FN:1,(anonymous_0)
FNF:1
FNH:1
FNDA:2,(anonymous_0)
DA:1,1
DA:2,2
DA:3,2
DA:4,8
DA:6,2
LF:5
LH:5
BRF:0
BRH:0
end_of_record
TN:
SF:/home/eduardo/Documents/Projects/ReactApps/ReactNinja/Modulo_02/Jest/src/reverse-recursive/reverse-recursive.js
FN:1,(anonymous_0)
FN:3,internalReverse
FNF:2
FNH:2
FNDA:2,(anonymous_0)
FNDA:6,internalReverse
DA:1,1
DA:2,2
DA:3,2
DA:4,6
LF:4
LH:4
BRDA:4,0,0,2
BRDA:4,0,1,4
BRF:2
BRH:2
end_of_record
TN:
SF:/home/eduardo/Documents/Projects/ReactApps/ReactNinja/Modulo_02/Jest/src/some/some.js
FN:3,(anonymous_0)
FNF:1
FNH:1
FNDA:3,(anonymous_0)
DA:3,1
DA:4,3
DA:5,3
DA:6,3
DA:9,0
LF:5
LH:4
BRDA:5,0,0,3
BRDA:5,0,1,0
BRF:2
BRH:1
end_of_record
TN:
SF:/home/eduardo/Documents/Projects/ReactApps/ReactNinja/Modulo_02/Jest/src/some-recursive/some-recursive.js
FN:3,(anonymous_0)
FN:4,someInternal
FNF:2
FNH:2
FNDA:3,(anonymous_0)
FNDA:3,someInternal
DA:3,1
DA:4,3
DA:5,3
DA:6,3
LF:4
LH:4
BRDA:6,0,0,0
BRDA:6,0,1,3
BRDA:6,1,0,3
BRDA:6,1,1,0
BRF:4
BRH:2
end_of_record
