TN:
SF:/home/eduardo/Documents/Projects/ReactApps/ReactNinja/Modulo_02/Jest/src/find/find.js
FN:3,(anonymous_0)
FNF:1
FNH:1
FNDA:3,(anonymous_0)
DA:3,1
DA:4,3
DA:5,7
DA:6,2
DA:10,1
LF:5
LH:5
BRDA:5,0,0,2
BRDA:5,0,1,5
BRF:2
BRH:2
end_of_record
TN:
SF:/home/eduardo/Documents/Projects/ReactApps/ReactNinja/Modulo_02/Jest/src/find-recursive/find-recursive.js
FN:3,(anonymous_0)
FN:4,internalFind
FNF:2
FNH:2
FNDA:3,(anonymous_0)
FNDA:8,internalFind
DA:3,1
DA:4,3
DA:5,8
DA:6,8
LF:4
LH:4
BRDA:6,0,0,1
BRDA:6,0,1,7
BRDA:8,1,0,2
BRDA:8,1,1,5
BRF:4
BRH:4
end_of_record
