<?xml version="1.0" encoding="UTF-8"?>
<coverage generated="1591839718133" clover="3.2.0">
  <project timestamp="1591839718133" name="All files">
    <metrics statements="34" coveredstatements="34" conditionals="21" coveredconditionals="21" methods="5" coveredmethods="5" elements="60" coveredelements="60" complexity="0" loc="34" ncloc="34" packages="1" files="1" classes="1">
      <file name="index.js" path="/home/eduardo/Documents/Projects/ReactApps/ReactNinja/Applications/Github app/src/utils/pagination/index.js">
        <metrics statements="34" coveredstatements="34" conditionals="21" coveredconditionals="21" methods="5" coveredmethods="5"/>
        <line num="2" count="1" type="stmt"/>
        <line num="3" count="48" type="cond" truecount="2" falsecount="0"/>
        <line num="4" count="15" type="stmt"/>
        <line num="7" count="33" type="cond" truecount="2" falsecount="0"/>
        <line num="8" count="6" type="stmt"/>
        <line num="10" count="27" type="stmt"/>
        <line num="14" count="1" type="cond" truecount="3" falsecount="0"/>
        <line num="17" count="23" type="cond" truecount="2" falsecount="0"/>
        <line num="18" count="1" type="stmt"/>
        <line num="20" count="22" type="cond" truecount="2" falsecount="0"/>
        <line num="21" count="1" type="stmt"/>
        <line num="24" count="21" type="cond" truecount="2" falsecount="0"/>
        <line num="25" count="10" type="stmt"/>
        <line num="28" count="16" type="stmt"/>
        <line num="29" count="16" type="stmt"/>
        <line num="33" count="48" type="stmt"/>
        <line num="38" count="80" type="stmt"/>
        <line num="41" count="16" type="stmt"/>
        <line num="42" count="16" type="stmt"/>
        <line num="44" count="16" type="cond" truecount="2" falsecount="0"/>
        <line num="45" count="2" type="stmt"/>
        <line num="48" count="16" type="stmt"/>
        <line num="49" count="16" type="stmt"/>
        <line num="51" count="16" type="cond" truecount="2" falsecount="0"/>
        <line num="52" count="6" type="stmt"/>
        <line num="56" count="16" type="stmt"/>
        <line num="57" count="16" type="stmt"/>
        <line num="59" count="16" type="cond" truecount="2" falsecount="0"/>
        <line num="60" count="2" type="stmt"/>
        <line num="63" count="16" type="stmt"/>
        <line num="64" count="16" type="stmt"/>
        <line num="66" count="16" type="cond" truecount="2" falsecount="0"/>
        <line num="67" count="8" type="stmt"/>
        <line num="70" count="16" type="stmt"/>
      </file>
    </metrics>
  </project>
</coverage>
